<?xml version="1.0" encoding="utf-8"?><testsuites name="pytest tests"><testsuite name="pytest" errors="0" failures="0" skipped="0" tests="4" time="7.678" timestamp="2026-01-19T23:33:38.378048+05:30" hostname="Kamalsha-PC"><testcase classname="tests.test_api" name="test_status_endpoint" time="0.028" /><testcase classname="tests.test_api" name="test_analyze_low_or_moderate_risk" time="0.021" /><testcase classname="tests.test_api" name="test_analyze_high_risk" time="0.008" /><testcase classname="tests.test_api" name="test_analyze_invalid_input" time="0.004" /></testsuite></testsuites>